<?xml version="1.0" encoding="UTF-8"?>
<!-- Generated by org.testng.reporters.JUnitReportReporter -->
<testsuite hostname="DESKTOP-EBQKJSS" failures="0" tests="1" name="com.testcases.customer_Test" time="38.257" errors="0" timestamp="2023-10-16T18:26:17 IST" skipped="0">
  <testcase classname="com.testcases.customer_Test" name="Customervalidation" time="38.257"/>
</testsuite> <!-- com.testcases.customer_Test -->
