<?xml version="1.0" encoding="UTF-8"?>
<!-- Generated by org.testng.reporters.JUnitReportReporter -->
<testsuite hostname="DESKTOP-EBQKJSS" failures="0" tests="1" name="com.testcases.Logout_Test" time="9.769" errors="0" timestamp="2023-11-09T15:48:18 IST" skipped="0">
  <testcase classname="com.testcases.Logout_Test" name="logoutvalidation" time="9.769"/>
</testsuite> <!-- com.testcases.Logout_Test -->
