<?xml version="1.0" encoding="UTF-8"?>
<!-- Generated by org.testng.reporters.JUnitReportReporter -->
<testsuite hostname="DESKTOP-EBQKJSS" failures="0" tests="4" name="com.testcases.Location_Test" time="51.184" errors="1" timestamp="2023-11-20T13:15:55 IST" skipped="3">
  <testcase classname="com.testcases.Location_Test" name="setup" time="51.183">
    <error message="Unresolved compilation problems: 
	utils cannot be resolved
	Syntax error, insert &quot;}&quot; to complete MethodBody
" type="java.lang.Error">
      <![CDATA[java.lang.Error: Unresolved compilation problems: 
utils cannot be resolved
Syntax error, insert "}" to complete MethodBody

at com.pageobjects.LocationFunctionality.<init>(LocationFunctionality.java:65)
at com.testcases.Location_Test.setup(Location_Test.java:34)
at java.base/jdk.internal.reflect.NativeMethodAccessorImpl.invoke0(Native Method)
at java.base/jdk.internal.reflect.NativeMethodAccessorImpl.invoke(NativeMethodAccessorImpl.java:77)
at java.base/jdk.internal.reflect.DelegatingMethodAccessorImpl.invoke(DelegatingMethodAccessorImpl.java:43)
at java.base/java.lang.reflect.Method.invoke(Method.java:568)
at org.testng.internal.invokers.MethodInvocationHelper.invokeMethod(MethodInvocationHelper.java:139)
at org.testng.internal.invokers.MethodInvocationHelper.invokeMethodConsideringTimeout(MethodInvocationHelper.java:69)
at org.testng.internal.invokers.ConfigInvoker.invokeConfigurationMethod(ConfigInvoker.java:390)
at org.testng.internal.invokers.ConfigInvoker.invokeConfigurations(ConfigInvoker.java:325)
at org.testng.TestRunner.invokeTestConfigurations(TestRunner.java:663)
at org.testng.TestRunner.beforeRun(TestRunner.java:652)
at org.testng.TestRunner.run(TestRunner.java:614)
at org.testng.SuiteRunner.runTest(SuiteRunner.java:443)
at org.testng.SuiteRunner.runSequentially(SuiteRunner.java:437)
at org.testng.SuiteRunner.privateRun(SuiteRunner.java:397)
at org.testng.SuiteRunner.run(SuiteRunner.java:336)
at org.testng.SuiteRunnerWorker.runSuite(SuiteRunnerWorker.java:52)
at org.testng.SuiteRunnerWorker.run(SuiteRunnerWorker.java:95)
at org.testng.TestNG.runSuitesSequentially(TestNG.java:1280)
at org.testng.TestNG.runSuitesLocally(TestNG.java:1200)
at org.testng.TestNG.runSuites(TestNG.java:1114)
at org.testng.TestNG.run(TestNG.java:1082)
at org.testng.remote.AbstractRemoteTestNG.run(AbstractRemoteTestNG.java:115)
at org.testng.remote.RemoteTestNG.initAndRun(RemoteTestNG.java:251)
at org.testng.remote.RemoteTestNG.main(RemoteTestNG.java:77)
]]>
    </error>
  </testcase> <!-- setup -->
  <testcase classname="com.testcases.Location_Test" name="addnewlocationvalidation" time="0.000">
    <skipped/>
  </testcase> <!-- addnewlocationvalidation -->
  <testcase classname="com.testcases.Location_Test" name="editlocationvalidation" time="0.000">
    <skipped/>
  </testcase> <!-- editlocationvalidation -->
  <testcase classname="com.testcases.Location_Test" name="deletelocationvalidation" time="0.001">
    <skipped/>
  </testcase> <!-- deletelocationvalidation -->
</testsuite> <!-- com.testcases.Location_Test -->
